<?xml version="1.0" encoding="UTF-8"?>
<!-- Generated by org.testng.reporters.JUnitReportReporter -->
<testsuite hostname="DESKTOP-QEE0TN8" failures="0" tests="5" name="testrunner.AppTest" time="0.310" errors="0" timestamp="26 Jun 2025 10:05:31 GMT" skipped="5">
  <testcase classname="testrunner.AppTest" name="runScenario" time="0.181">
    <skipped/>
  </testcase> <!-- runScenario -->
  <testcase classname="testrunner.AppTest" name="runScenario" time="0.049">
    <skipped/>
  </testcase> <!-- runScenario -->
  <testcase classname="testrunner.AppTest" name="runScenario" time="0.041">
    <skipped/>
  </testcase> <!-- runScenario -->
  <testcase classname="testrunner.AppTest" name="runScenario" time="0.020">
    <skipped/>
  </testcase> <!-- runScenario -->
  <testcase classname="testrunner.AppTest" name="runScenario" time="0.019">
    <skipped/>
  </testcase> <!-- runScenario -->
</testsuite> <!-- testrunner.AppTest -->
