<?xml version="1.0" encoding="UTF-8"?>
<!-- Generated by org.testng.reporters.JUnitReportReporter -->
<testsuite hostname="DESKTOP-QEE0TN8" failures="0" tests="1" name="testrunner.AppTest" time="0.191" errors="0" timestamp="30 Jun 2025 08:34:11 GMT" skipped="1">
  <testcase classname="testrunner.AppTest" name="runScenario" time="0.191">
    <skipped/>
  </testcase> <!-- runScenario -->
</testsuite> <!-- testrunner.AppTest -->
